[2018-05-16 04:43:45,507] INFO [djangoblog.get_blog_setting:169] set cache get_blog_setting
[2018-05-16 04:44:22,316] INFO [djangoblog.get_blog_setting:169] set cache get_blog_setting
[2018-05-16 04:44:31,884] INFO [djangoblog.get_blog_setting:169] set cache get_blog_setting
[2018-05-16 04:44:43,499] INFO [djangoblog.get_blog_setting:169] set cache get_blog_setting
[2018-05-16 04:45:10,705] INFO [djangoblog.get_blog_setting:169] set cache get_blog_setting
[2018-05-16 04:45:13,633] INFO [djangoblog.seo_processor:17] set processor cache.
[2018-05-16 04:45:13,633] INFO [djangoblog.get_blog_setting:150] get cache get_blog_setting
[2018-05-16 04:45:14,316] INFO [djangoblog.seo_processor:14] get processor cache.
[2018-05-16 04:45:18,768] INFO [djangoblog.seo_processor:14] get processor cache.
[2018-05-16 04:45:20,803] INFO [djangoblog.get_queryset_from_cache:62] set view cache.key:index_1
[2018-05-16 04:45:20,805] INFO [djangoblog.seo_processor:14] get processor cache.
[2018-05-16 04:45:20,838] INFO [djangoblog.get_blog_setting:150] get cache get_blog_setting
[2018-05-16 04:45:20,845] INFO [djangoblog.get_blog_setting:150] get cache get_blog_setting
[2018-05-16 04:45:20,849] INFO [djangoblog.get_blog_setting:150] get cache get_blog_setting
[2018-05-16 04:45:20,852] INFO [djangoblog.get_blog_setting:150] get cache get_blog_setting
[2018-05-16 04:45:20,856] INFO [djangoblog.get_blog_setting:150] get cache get_blog_setting
[2018-05-16 04:45:20,862] INFO [djangoblog.get_blog_setting:150] get cache get_blog_setting
[2018-05-16 04:45:20,869] INFO [djangoblog.load_sidebar:143] load sidebar
[2018-05-16 04:45:20,869] INFO [djangoblog.get_blog_setting:150] get cache get_blog_setting
[2018-05-16 04:45:20,874] INFO [djangoblog.news:50] cache_decorator set cache:get_article_count key:01b195e402e4b6c54aaf3de3c8b0cbdc
[2018-05-16 04:45:20,878] INFO [djangoblog.news:50] cache_decorator set cache:get_article_count key:16fc347c1f2793dfbc0290cf0ddb2b72
[2018-05-16 04:45:20,880] INFO [djangoblog.news:50] cache_decorator set cache:get_article_count key:cb8b60d48f13dc2526295c5055e1a1be
[2018-05-16 04:45:33,487] INFO [djangoblog.get_blog_setting:169] set cache get_blog_setting
[2018-05-16 04:45:40,095] INFO [djangoblog.get_blog_setting:169] set cache get_blog_setting
[2018-05-16 04:46:39,233] INFO [djangoblog.comment_list:115] set article comments:10
[2018-05-16 04:46:39,242] INFO [djangoblog.seo_processor:17] set processor cache.
[2018-05-16 04:46:39,243] INFO [djangoblog.get_blog_setting:150] get cache get_blog_setting
[2018-05-16 04:46:39,296] INFO [djangoblog.get_blog_setting:150] get cache get_blog_setting
[2018-05-16 04:46:39,303] INFO [djangoblog.load_sidebar:143] load sidebar
[2018-05-16 04:46:39,303] INFO [djangoblog.get_blog_setting:150] get cache get_blog_setting
[2018-05-16 04:46:39,305] INFO [djangoblog.news:50] cache_decorator set cache:get_article_count key:b34b52f826b6727ed675dab7a6bcfaf4
[2018-05-16 04:46:39,310] INFO [djangoblog.news:50] cache_decorator set cache:get_article_count key:2c17408f3ba935902d0523a2cb961e3f
[2018-05-16 04:46:39,312] INFO [djangoblog.news:50] cache_decorator set cache:get_article_count key:8fece3ada87c6b1df86fd56992d0ae08
